[::1]:55280 XFF[-] - - [05/Sep/2019:14:31:57 Z] "GET /" 404 60B 193μs
[::1]:55280 XFF[-] - - [05/Sep/2019:14:31:58 Z] "GET /favicon.ico" 404 60B 55μs
[::1]:55814 XFF[-] - - [05/Sep/2019:15:01:12 Z] "GET /" 404 60B 216μs
[::1]:55814 XFF[-] - - [05/Sep/2019:15:01:21 Z] "GET /users" 200 2B 55μs
[::1]:61622 XFF[-] - - [06/Sep/2019:05:18:17 Z] "GET /" 404 60B 241μs
[::1]:61622 XFF[-] - - [06/Sep/2019:05:18:22 Z] "GET /users" 200 2B 3389μs
[::1]:62564 XFF[-] - - [06/Sep/2019:06:06:56 Z] "GET /users" 200 2B 4443μs
[::1]:62564 XFF[-] - - [06/Sep/2019:06:06:57 Z] "GET /users" 200 2B 159μs
[::1]:62608 XFF[-] - - [06/Sep/2019:06:09:28 Z] "GET /users" 200 2B 2274μs
[::1]:62703 XFF[-] - - [06/Sep/2019:06:14:26 Z] "GET /users" 200 2B 1761μs
[::1]:62790 XFF[-] - - [06/Sep/2019:06:16:19 Z] "GET /users" 200 2B 4468μs
[::1]:62829 XFF[-] - - [06/Sep/2019:06:17:10 Z] "GET /users" 200 2B 340μs
[::1]:62829 XFF[-] - - [06/Sep/2019:06:17:11 Z] "GET /users" 200 2B 204μs
[::1]:53741 XFF[-] - - [07/Sep/2019:01:27:37 Z] "GET /users" 200 2B 518187μs
[::1]:53844 XFF[-] - - [07/Sep/2019:01:31:20 Z] "GET /users" 200 2B 395μs
[::1]:53970 XFF[-] - - [07/Sep/2019:01:35:51 Z] "GET /users" 200 2B 84118μs
[::1]:53970 XFF[-] - - [07/Sep/2019:01:35:52 Z] "GET /users" 200 2B 275852μs
[::1]:54164 XFF[-] - - [07/Sep/2019:01:42:11 Z] "GET /users" 200 2B 104334μs
[::1]:55418 XFF[-] - - [07/Sep/2019:02:23:20 Z] "GET /users" 200 2B 47395μs
[::1]:56765 XFF[-] - - [07/Sep/2019:03:14:43 Z] "GET /users" 200 2B 41272μs
[::1]:56799 XFF[-] - - [07/Sep/2019:03:16:11 Z] "GET /users" 200 39B 21197μs
[::1]:56815 XFF[-] - - [07/Sep/2019:03:17:07 Z] "GET /users" 200 39B 38583μs
[::1]:56839 XFF[-] - - [07/Sep/2019:03:17:42 Z] "GET /users" 200 39B 24096μs
[::1]:56859 XFF[-] - - [07/Sep/2019:03:18:23 Z] "GET /users" 200 39B 30382μs
[::1]:56886 XFF[-] - - [07/Sep/2019:03:19:03 Z] "GET /users" 200 39B 17094μs
[::1]:57061 XFF[-] - - [07/Sep/2019:14:36:21 Z] "GET /users" 200 39B 40380μs
[::1]:57061 XFF[-] - - [07/Sep/2019:14:36:24 Z] "GET /users" 200 39B 32619μs
[::1]:57455 XFF[-] - - [07/Sep/2019:14:49:18 Z] "GET /users" 500 72B 24851μs
[::1]:57455 XFF[-] - - [07/Sep/2019:14:49:20 Z] "GET /users" 500 72B 5972μs
[::1]:57455 XFF[-] - - [07/Sep/2019:14:49:21 Z] "GET /users" 500 72B 10225μs
[::1]:57534 XFF[-] - - [07/Sep/2019:14:53:30 Z] "GET /users" 200 2B 14084μs
[::1]:57648 XFF[-] - - [07/Sep/2019:14:59:54 Z] "GET /users" 500 72B 11171μs
[::1]:57648 XFF[-] - - [07/Sep/2019:14:59:57 Z] "GET /users" 500 72B 9551μs
[::1]:57683 XFF[-] - - [07/Sep/2019:15:01:00 Z] "GET /users" 500 72B 29248μs
[::1]:57850 XFF[-] - - [07/Sep/2019:15:06:42 Z] "GET /users" 200 43B 44643μs
[::1]:58538 XFF[-] - - [07/Sep/2019:15:36:59 Z] "GET /users" 404 60B 599μs
[::1]:58540 XFF[-] - - [07/Sep/2019:15:37:07 Z] "GET /users" 404 60B 160μs
[::1]:58538 XFF[-] - - [07/Sep/2019:15:37:31 Z] "GET /users" 404 60B 73μs
[::1]:58538 XFF[-] - - [07/Sep/2019:15:37:32 Z] "GET /users" 404 60B 29μs
[::1]:58572 XFF[-] - - [07/Sep/2019:15:38:24 Z] "GET /users" 200 43B 67345μs
[::1]:58572 XFF[-] - - [07/Sep/2019:15:42:38 Z] "POST /users" 500 72B 237688μs
[::1]:58663 XFF[-] - - [07/Sep/2019:15:43:35 Z] "POST /users" 500 72B 42857μs
[::1]:58700 XFF[-] - - [07/Sep/2019:15:45:38 Z] "POST /users" 500 72B 64223μs
[::1]:58700 XFF[-] - - [07/Sep/2019:15:46:15 Z] "POST /users" 500 72B 22771μs
[::1]:58744 XFF[-] - - [07/Sep/2019:15:46:43 Z] "POST /users" 500 72B 24383μs
[::1]:58787 XFF[-] - - [07/Sep/2019:15:47:58 Z] "POST /users" 500 72B 41324μs
[::1]:58868 XFF[-] - - [07/Sep/2019:15:50:32 Z] "POST /users" 500 72B 79673μs
[::1]:58908 XFF[-] - - [07/Sep/2019:15:52:10 Z] "POST /users" 500 72B 40413μs
[::1]:58908 XFF[-] - - [07/Sep/2019:15:52:43 Z] "POST /users" 500 72B 53521μs
[::1]:58908 XFF[-] - - [07/Sep/2019:15:53:13 Z] "POST /users" 500 72B 36610μs
[::1]:58942 XFF[-] - - [07/Sep/2019:15:54:15 Z] "GET /users" 200 53B 34326μs
[::1]:58942 XFF[-] - - [07/Sep/2019:15:54:19 Z] "POST /users" 500 72B 24070μs
[::1]:58942 XFF[-] - - [07/Sep/2019:15:54:29 Z] "POST /users" 500 72B 34287μs
[::1]:59012 XFF[-] - - [07/Sep/2019:15:57:43 Z] "GET /users" 200 2B 22037μs
[::1]:59012 XFF[-] - - [07/Sep/2019:15:57:46 Z] "POST /users" 201 -B 41066μs
[::1]:59012 XFF[-] - - [07/Sep/2019:15:57:51 Z] "GET /users" 500 72B 17220μs
[::1]:59012 XFF[-] - - [07/Sep/2019:15:57:53 Z] "GET /users" 500 72B 15130μs
[::1]:59028 XFF[-] - - [07/Sep/2019:15:58:33 Z] "GET /users" 200 51B 15112μs
[::1]:59142 XFF[-] - - [07/Sep/2019:16:01:11 Z] "POST /users" 201 -B 54244μs
[::1]:59142 XFF[-] - - [07/Sep/2019:16:01:19 Z] "GET /users" 500 72B 36624μs
[::1]:59865 XFF[-] - - [07/Sep/2019:16:34:09 Z] "GET /users" 200 2B 23129μs
[::1]:59865 XFF[-] - - [07/Sep/2019:16:34:12 Z] "GET /users" 200 2B 7896μs
[::1]:59901 XFF[-] - - [07/Sep/2019:16:35:01 Z] "GET /users" 200 2B 23100μs
[::1]:59951 XFF[-] - - [07/Sep/2019:16:36:55 Z] "GET /users" 200 101B 14060μs
[::1]:59951 XFF[-] - - [07/Sep/2019:16:38:08 Z] "POST /users" 201 -B 78988μs
[::1]:59951 XFF[-] - - [07/Sep/2019:16:38:13 Z] "GET /users" 200 100B 6324μs
[::1]:59951 XFF[-] - - [07/Sep/2019:16:38:26 Z] "POST /users" 201 -B 13676μs
[::1]:59951 XFF[-] - - [07/Sep/2019:16:38:29 Z] "GET /users" 200 149B 20860μs
